<?xml version="1.0" encoding="UTF-8"?>
<coverage generated="1701498987278" clover="3.2.0">
  <project timestamp="1701498987278" name="All files">
    <metrics statements="69" coveredstatements="67" conditionals="16" coveredconditionals="11" methods="26" coveredmethods="25" elements="111" coveredelements="103" complexity="0" loc="69" ncloc="69" packages="2" files="7" classes="7"/>
    <package name="components">
      <metrics statements="68" coveredstatements="66" conditionals="16" coveredconditionals="11" methods="26" coveredmethods="25"/>
      <file name="Body.js" path="C:\Users\devel\OneDrive\Desktop\hungry-hub\src\components\Body.js">
        <metrics statements="28" coveredstatements="27" conditionals="6" coveredconditionals="4" methods="9" coveredmethods="9"/>
        <line num="9" count="1" type="stmt"/>
        <line num="10" count="7" type="stmt"/>
        <line num="11" count="7" type="stmt"/>
        <line num="12" count="7" type="stmt"/>
        <line num="14" count="7" type="stmt"/>
        <line num="16" count="7" type="stmt"/>
        <line num="17" count="2" type="stmt"/>
        <line num="20" count="7" type="stmt"/>
        <line num="21" count="2" type="stmt"/>
        <line num="25" count="2" type="stmt"/>
        <line num="26" count="2" type="stmt"/>
        <line num="29" count="2" type="stmt"/>
        <line num="35" count="7" type="stmt"/>
        <line num="37" count="7" type="cond" truecount="1" falsecount="1"/>
        <line num="38" count="0" type="stmt"/>
        <line num="45" count="7" type="cond" truecount="2" falsecount="0"/>
        <line num="46" count="2" type="stmt"/>
        <line num="49" count="5" type="stmt"/>
        <line num="59" count="1" type="stmt"/>
        <line num="67" count="1" type="stmt"/>
        <line num="68" count="1" type="stmt"/>
        <line num="70" count="1" type="stmt"/>
        <line num="71" count="20" type="stmt"/>
        <line num="74" count="1" type="stmt"/>
        <line num="84" count="1" type="stmt"/>
        <line num="85" count="20" type="stmt"/>
        <line num="87" count="1" type="stmt"/>
        <line num="96" count="65" type="stmt"/>
      </file>
      <file name="Cart.js" path="C:\Users\devel\OneDrive\Desktop\hungry-hub\src\components\Cart.js">
        <metrics statements="7" coveredstatements="7" conditionals="2" coveredconditionals="2" methods="3" coveredmethods="3"/>
        <line num="7" count="1" type="stmt"/>
        <line num="8" count="8" type="stmt"/>
        <line num="9" count="4" type="stmt"/>
        <line num="10" count="4" type="stmt"/>
        <line num="12" count="4" type="stmt"/>
        <line num="13" count="1" type="stmt"/>
        <line num="16" count="4" type="stmt"/>
      </file>
      <file name="Header.js" path="C:\Users\devel\OneDrive\Desktop\hungry-hub\src\components\Header.js">
        <metrics statements="6" coveredstatements="5" conditionals="2" coveredconditionals="0" methods="3" coveredmethods="2"/>
        <line num="8" count="1" type="stmt"/>
        <line num="9" count="4" type="stmt"/>
        <line num="11" count="4" type="stmt"/>
        <line num="15" count="8" type="stmt"/>
        <line num="18" count="4" type="stmt"/>
        <line num="41" count="0" type="cond" truecount="0" falsecount="2"/>
      </file>
      <file name="ItemList.js" path="C:\Users\devel\OneDrive\Desktop\hungry-hub\src\components\ItemList.js">
        <metrics statements="7" coveredstatements="7" conditionals="2" coveredconditionals="1" methods="4" coveredmethods="4"/>
        <line num="5" count="1" type="stmt"/>
        <line num="6" count="5" type="stmt"/>
        <line num="8" count="5" type="stmt"/>
        <line num="10" count="2" type="stmt"/>
        <line num="13" count="5" type="stmt"/>
        <line num="16" count="16" type="stmt"/>
        <line num="37" count="2" type="stmt"/>
      </file>
      <file name="RestaurantCard.js" path="C:\Users\devel\OneDrive\Desktop\hungry-hub\src\components\RestaurantCard.js">
        <metrics statements="7" coveredstatements="7" conditionals="0" coveredconditionals="0" methods="3" coveredmethods="3"/>
        <line num="4" count="2" type="stmt"/>
        <line num="5" count="66" type="stmt"/>
        <line num="7" count="66" type="stmt"/>
        <line num="9" count="66" type="stmt"/>
        <line num="27" count="2" type="stmt"/>
        <line num="28" count="7" type="stmt"/>
        <line num="29" count="65" type="stmt"/>
      </file>
      <file name="RestaurantMenu.js" path="C:\Users\devel\OneDrive\Desktop\hungry-hub\src\components\RestaurantMenu.js">
        <metrics statements="13" coveredstatements="13" conditionals="4" coveredconditionals="4" methods="4" coveredmethods="4"/>
        <line num="7" count="1" type="stmt"/>
        <line num="8" count="3" type="stmt"/>
        <line num="9" count="3" type="stmt"/>
        <line num="11" count="3" type="stmt"/>
        <line num="13" count="3" type="cond" truecount="2" falsecount="0"/>
        <line num="14" count="1" type="stmt"/>
        <line num="18" count="2" type="stmt"/>
        <line num="20" count="2" type="stmt"/>
        <line num="24" count="2" type="stmt"/>
        <line num="26" count="40" type="stmt"/>
        <line num="31" count="2" type="stmt"/>
        <line num="39" count="32" type="stmt"/>
        <line num="43" count="1" type="stmt"/>
      </file>
    </package>
    <package name="utils">
      <metrics statements="1" coveredstatements="1" conditionals="0" coveredconditionals="0" methods="0" coveredmethods="0"/>
      <file name="appStore.js" path="C:\Users\devel\OneDrive\Desktop\hungry-hub\src\utils\appStore.js">
        <metrics statements="1" coveredstatements="1" conditionals="0" coveredconditionals="0" methods="0" coveredmethods="0"/>
        <line num="4" count="1" type="stmt"/>
      </file>
    </package>
  </project>
</coverage>
