<?xml version="1.0" encoding="UTF-8"?>
<coverage generated="1701454813696" clover="3.2.0">
  <project timestamp="1701454813696" name="All files">
    <metrics statements="21" coveredstatements="18" conditionals="2" coveredconditionals="1" methods="8" coveredmethods="5" elements="31" coveredelements="24" complexity="0" loc="21" ncloc="21" packages="2" files="7" classes="7"/>
    <package name="components">
      <metrics statements="11" coveredstatements="11" conditionals="2" coveredconditionals="1" methods="5" coveredmethods="5"/>
      <file name="Contact.js" path="C:\Users\devel\OneDrive\Desktop\hungry-hub\src\components\Contact.js">
        <metrics statements="2" coveredstatements="2" conditionals="0" coveredconditionals="0" methods="1" coveredmethods="1"/>
        <line num="3" count="1" type="stmt"/>
        <line num="4" count="3" type="stmt"/>
      </file>
      <file name="Header.js" path="C:\Users\devel\OneDrive\Desktop\hungry-hub\src\components\Header.js">
        <metrics statements="7" coveredstatements="7" conditionals="2" coveredconditionals="1" methods="3" coveredmethods="3"/>
        <line num="8" count="1" type="stmt"/>
        <line num="9" count="5" type="stmt"/>
        <line num="11" count="5" type="stmt"/>
        <line num="15" count="9" type="stmt"/>
        <line num="16" count="5" type="stmt"/>
        <line num="18" count="5" type="stmt"/>
        <line num="41" count="1" type="cond" truecount="1" falsecount="1"/>
      </file>
      <file name="Sum.js" path="C:\Users\devel\OneDrive\Desktop\hungry-hub\src\components\Sum.js">
        <metrics statements="2" coveredstatements="2" conditionals="0" coveredconditionals="0" methods="1" coveredmethods="1"/>
        <line num="1" count="1" type="stmt"/>
        <line num="2" count="1" type="stmt"/>
      </file>
    </package>
    <package name="utils">
      <metrics statements="10" coveredstatements="7" conditionals="0" coveredconditionals="0" methods="3" coveredmethods="0"/>
      <file name="UserContext.js" path="C:\Users\devel\OneDrive\Desktop\hungry-hub\src\utils\UserContext.js">
        <metrics statements="1" coveredstatements="1" conditionals="0" coveredconditionals="0" methods="0" coveredmethods="0"/>
        <line num="3" count="1" type="stmt"/>
      </file>
      <file name="appStore.js" path="C:\Users\devel\OneDrive\Desktop\hungry-hub\src\utils\appStore.js">
        <metrics statements="1" coveredstatements="1" conditionals="0" coveredconditionals="0" methods="0" coveredmethods="0"/>
        <line num="4" count="1" type="stmt"/>
      </file>
      <file name="cartSlice.js" path="C:\Users\devel\OneDrive\Desktop\hungry-hub\src\utils\cartSlice.js">
        <metrics statements="5" coveredstatements="2" conditionals="0" coveredconditionals="0" methods="3" coveredmethods="0"/>
        <line num="4" count="1" type="stmt"/>
        <line num="12" count="0" type="stmt"/>
        <line num="15" count="0" type="stmt"/>
        <line num="18" count="0" type="stmt"/>
        <line num="23" count="1" type="stmt"/>
      </file>
      <file name="constant.js" path="C:\Users\devel\OneDrive\Desktop\hungry-hub\src\utils\constant.js">
        <metrics statements="3" coveredstatements="3" conditionals="0" coveredconditionals="0" methods="0" coveredmethods="0"/>
        <line num="1" count="1" type="stmt"/>
        <line num="3" count="1" type="stmt"/>
        <line num="5" count="1" type="stmt"/>
      </file>
    </package>
  </project>
</coverage>
