{"C:\\Users\\devel\\OneDrive\\Desktop\\hungry-hub\\src\\components\\Body.js": {"path":"C:\\Users\\devel\\OneDrive\\Desktop\\hungry-hub\\src\\components\\Body.js","statementMap":{"0":{"start":{"line":9,"column":13},"end":{"line":110,"column":1}},"1":{"start":{"line":10,"column":52},"end":{"line":10,"column":64}},"2":{"start":{"line":11,"column":54},"end":{"line":11,"column":66}},"3":{"start":{"line":12,"column":38},"end":{"line":12,"column":50}},"4":{"start":{"line":14,"column":29},"end":{"line":14,"column":60}},"5":{"start":{"line":16,"column":2},"end":{"line":18,"column":9}},"6":{"start":{"line":17,"column":4},"end":{"line":17,"column":16}},"7":{"start":{"line":20,"column":20},"end":{"line":33,"column":3}},"8":{"start":{"line":21,"column":17},"end":{"line":23,"column":5}},"9":{"start":{"line":25,"column":17},"end":{"line":25,"column":34}},"10":{"start":{"line":26,"column":4},"end":{"line":28,"column":6}},"11":{"start":{"line":29,"column":4},"end":{"line":31,"column":6}},"12":{"start":{"line":35,"column":23},"end":{"line":35,"column":40}},"13":{"start":{"line":37,"column":2},"end":{"line":42,"column":6}},"14":{"start":{"line":38,"column":4},"end":{"line":42,"column":6}},"15":{"start":{"line":45,"column":2},"end":{"line":47,"column":3}},"16":{"start":{"line":46,"column":4},"end":{"line":46,"column":23}},"17":{"start":{"line":49,"column":2},"end":{"line":109,"column":4}},"18":{"start":{"line":59,"column":14},"end":{"line":59,"column":44}},"19":{"start":{"line":67,"column":14},"end":{"line":67,"column":38}},"20":{"start":{"line":68,"column":14},"end":{"line":68,"column":45}},"21":{"start":{"line":70,"column":41},"end":{"line":72,"column":15}},"22":{"start":{"line":71,"column":16},"end":{"line":71,"column":78}},"23":{"start":{"line":74,"column":14},"end":{"line":74,"column":56}},"24":{"start":{"line":84,"column":35},"end":{"line":86,"column":15}},"25":{"start":{"line":85,"column":25},"end":{"line":85,"column":49}},"26":{"start":{"line":87,"column":14},"end":{"line":87,"column":50}},"27":{"start":{"line":96,"column":10},"end":{"line":105,"column":17}}},"fnMap":{"0":{"name":"(anonymous_0)","decl":{"start":{"line":9,"column":13},"end":{"line":9,"column":14}},"loc":{"start":{"line":9,"column":19},"end":{"line":110,"column":1}},"line":9},"1":{"name":"(anonymous_1)","decl":{"start":{"line":16,"column":12},"end":{"line":16,"column":13}},"loc":{"start":{"line":16,"column":18},"end":{"line":18,"column":3}},"line":16},"2":{"name":"(anonymous_2)","decl":{"start":{"line":20,"column":20},"end":{"line":20,"column":21}},"loc":{"start":{"line":20,"column":32},"end":{"line":33,"column":3}},"line":20},"3":{"name":"(anonymous_3)","decl":{"start":{"line":58,"column":22},"end":{"line":58,"column":23}},"loc":{"start":{"line":58,"column":29},"end":{"line":60,"column":13}},"line":58},"4":{"name":"(anonymous_4)","decl":{"start":{"line":64,"column":21},"end":{"line":64,"column":22}},"loc":{"start":{"line":64,"column":27},"end":{"line":75,"column":13}},"line":64},"5":{"name":"(anonymous_5)","decl":{"start":{"line":70,"column":66},"end":{"line":70,"column":67}},"loc":{"start":{"line":71,"column":16},"end":{"line":71,"column":78}},"line":71},"6":{"name":"(anonymous_6)","decl":{"start":{"line":83,"column":21},"end":{"line":83,"column":22}},"loc":{"start":{"line":83,"column":27},"end":{"line":88,"column":13}},"line":83},"7":{"name":"(anonymous_7)","decl":{"start":{"line":85,"column":16},"end":{"line":85,"column":17}},"loc":{"start":{"line":85,"column":25},"end":{"line":85,"column":49}},"line":85},"8":{"name":"(anonymous_8)","decl":{"start":{"line":95,"column":32},"end":{"line":95,"column":33}},"loc":{"start":{"line":96,"column":10},"end":{"line":105,"column":17}},"line":96}},"branchMap":{"0":{"loc":{"start":{"line":37,"column":2},"end":{"line":42,"column":6}},"type":"if","locations":[{"start":{"line":37,"column":2},"end":{"line":42,"column":6}},{"start":{},"end":{}}],"line":37},"1":{"loc":{"start":{"line":45,"column":2},"end":{"line":47,"column":3}},"type":"if","locations":[{"start":{"line":45,"column":2},"end":{"line":47,"column":3}},{"start":{},"end":{}}],"line":45},"2":{"loc":{"start":{"line":100,"column":12},"end":{"line":104,"column":13}},"type":"cond-expr","locations":[{"start":{"line":101,"column":14},"end":{"line":101,"column":57}},{"start":{"line":103,"column":14},"end":{"line":103,"column":53}}],"line":100}},"s":{"0":1,"1":7,"2":7,"3":7,"4":7,"5":7,"6":2,"7":7,"8":2,"9":2,"10":2,"11":2,"12":7,"13":7,"14":0,"15":7,"16":2,"17":5,"18":1,"19":1,"20":1,"21":1,"22":20,"23":1,"24":1,"25":20,"26":1,"27":65},"f":{"0":7,"1":2,"2":2,"3":1,"4":1,"5":20,"6":1,"7":20,"8":65},"b":{"0":[0,7],"1":[2,5],"2":[65,0]},"_coverageSchema":"1a1c01bbd47fc00a2c39e90264f33305004495a9","hash":"2745042525ed5b03c1bbac6d9cfc7046d7786537"}
,"C:\\Users\\devel\\OneDrive\\Desktop\\hungry-hub\\src\\components\\Cart.js": {"path":"C:\\Users\\devel\\OneDrive\\Desktop\\hungry-hub\\src\\components\\Cart.js","statementMap":{"0":{"start":{"line":7,"column":13},"end":{"line":33,"column":1}},"1":{"start":{"line":8,"column":20},"end":{"line":8,"column":60}},"2":{"start":{"line":8,"column":43},"end":{"line":8,"column":59}},"3":{"start":{"line":9,"column":2},"end":{"line":9,"column":25}},"4":{"start":{"line":10,"column":19},"end":{"line":10,"column":32}},"5":{"start":{"line":12,"column":26},"end":{"line":14,"column":3}},"6":{"start":{"line":13,"column":4},"end":{"line":13,"column":26}},"7":{"start":{"line":16,"column":2},"end":{"line":32,"column":4}}},"fnMap":{"0":{"name":"(anonymous_0)","decl":{"start":{"line":7,"column":13},"end":{"line":7,"column":14}},"loc":{"start":{"line":7,"column":19},"end":{"line":33,"column":1}},"line":7},"1":{"name":"(anonymous_1)","decl":{"start":{"line":8,"column":32},"end":{"line":8,"column":33}},"loc":{"start":{"line":8,"column":43},"end":{"line":8,"column":59}},"line":8},"2":{"name":"(anonymous_2)","decl":{"start":{"line":12,"column":26},"end":{"line":12,"column":27}},"loc":{"start":{"line":12,"column":32},"end":{"line":14,"column":3}},"line":12}},"branchMap":{"0":{"loc":{"start":{"line":26,"column":9},"end":{"line":28,"column":9}},"type":"binary-expr","locations":[{"start":{"line":26,"column":9},"end":{"line":26,"column":32}},{"start":{"line":27,"column":10},"end":{"line":27,"column":57}}],"line":26}},"s":{"0":1,"1":4,"2":8,"3":4,"4":4,"5":4,"6":1,"7":4},"f":{"0":4,"1":8,"2":1},"b":{"0":[4,2]},"_coverageSchema":"1a1c01bbd47fc00a2c39e90264f33305004495a9","hash":"82682b3b6a773c0f953445c493287d73a9d35ec3"}
,"C:\\Users\\devel\\OneDrive\\Desktop\\hungry-hub\\src\\components\\Header.js": {"path":"C:\\Users\\devel\\OneDrive\\Desktop\\hungry-hub\\src\\components\\Header.js","statementMap":{"0":{"start":{"line":8,"column":15},"end":{"line":51,"column":1}},"1":{"start":{"line":9,"column":32},"end":{"line":9,"column":49}},"2":{"start":{"line":11,"column":27},"end":{"line":11,"column":50}},"3":{"start":{"line":15,"column":20},"end":{"line":15,"column":60}},"4":{"start":{"line":15,"column":43},"end":{"line":15,"column":59}},"5":{"start":{"line":18,"column":2},"end":{"line":50,"column":4}},"6":{"start":{"line":41,"column":14},"end":{"line":41,"column":79}}},"fnMap":{"0":{"name":"(anonymous_0)","decl":{"start":{"line":8,"column":15},"end":{"line":8,"column":16}},"loc":{"start":{"line":8,"column":21},"end":{"line":51,"column":1}},"line":8},"1":{"name":"(anonymous_1)","decl":{"start":{"line":15,"column":32},"end":{"line":15,"column":33}},"loc":{"start":{"line":15,"column":43},"end":{"line":15,"column":59}},"line":15},"2":{"name":"(anonymous_2)","decl":{"start":{"line":40,"column":21},"end":{"line":40,"column":22}},"loc":{"start":{"line":40,"column":27},"end":{"line":42,"column":13}},"line":40}},"branchMap":{"0":{"loc":{"start":{"line":41,"column":14},"end":{"line":41,"column":78}},"type":"cond-expr","locations":[{"start":{"line":41,"column":36},"end":{"line":41,"column":56}},{"start":{"line":41,"column":59},"end":{"line":41,"column":78}}],"line":41}},"s":{"0":1,"1":4,"2":4,"3":4,"4":8,"5":4,"6":0},"f":{"0":4,"1":8,"2":0},"b":{"0":[0,0]},"_coverageSchema":"1a1c01bbd47fc00a2c39e90264f33305004495a9","hash":"04d1135d2a4094c6b029fc650c2d9dd04794c694"}
,"C:\\Users\\devel\\OneDrive\\Desktop\\hungry-hub\\src\\components\\ItemList.js": {"path":"C:\\Users\\devel\\OneDrive\\Desktop\\hungry-hub\\src\\components\\ItemList.js","statementMap":{"0":{"start":{"line":5,"column":17},"end":{"line":54,"column":1}},"1":{"start":{"line":6,"column":19},"end":{"line":6,"column":32}},"2":{"start":{"line":8,"column":24},"end":{"line":11,"column":3}},"3":{"start":{"line":10,"column":4},"end":{"line":10,"column":28}},"4":{"start":{"line":13,"column":2},"end":{"line":53,"column":4}},"5":{"start":{"line":16,"column":8},"end":{"line":50,"column":14}},"6":{"start":{"line":37,"column":31},"end":{"line":37,"column":50}}},"fnMap":{"0":{"name":"(anonymous_0)","decl":{"start":{"line":5,"column":17},"end":{"line":5,"column":18}},"loc":{"start":{"line":5,"column":32},"end":{"line":54,"column":1}},"line":5},"1":{"name":"(anonymous_1)","decl":{"start":{"line":8,"column":24},"end":{"line":8,"column":25}},"loc":{"start":{"line":8,"column":34},"end":{"line":11,"column":3}},"line":8},"2":{"name":"(anonymous_2)","decl":{"start":{"line":15,"column":17},"end":{"line":15,"column":18}},"loc":{"start":{"line":16,"column":8},"end":{"line":50,"column":14}},"line":16},"3":{"name":"(anonymous_3)","decl":{"start":{"line":37,"column":25},"end":{"line":37,"column":26}},"loc":{"start":{"line":37,"column":31},"end":{"line":37,"column":50}},"line":37}},"branchMap":{"0":{"loc":{"start":{"line":26,"column":17},"end":{"line":28,"column":53}},"type":"cond-expr","locations":[{"start":{"line":27,"column":20},"end":{"line":27,"column":46}},{"start":{"line":28,"column":20},"end":{"line":28,"column":53}}],"line":26}},"s":{"0":1,"1":5,"2":5,"3":2,"4":5,"5":16,"6":2},"f":{"0":5,"1":2,"2":16,"3":2},"b":{"0":[16,0]},"_coverageSchema":"1a1c01bbd47fc00a2c39e90264f33305004495a9","hash":"72369d0f1535ea3c76770f6a468917efa3e45771"}
,"C:\\Users\\devel\\OneDrive\\Desktop\\hungry-hub\\src\\components\\RestaurantCard.js": {"path":"C:\\Users\\devel\\OneDrive\\Desktop\\hungry-hub\\src\\components\\RestaurantCard.js","statementMap":{"0":{"start":{"line":4,"column":23},"end":{"line":23,"column":1}},"1":{"start":{"line":5,"column":22},"end":{"line":5,"column":27}},"2":{"start":{"line":7,"column":74},"end":{"line":7,"column":87}},"3":{"start":{"line":9,"column":2},"end":{"line":22,"column":4}},"4":{"start":{"line":27,"column":31},"end":{"line":38,"column":1}},"5":{"start":{"line":28,"column":2},"end":{"line":37,"column":4}},"6":{"start":{"line":29,"column":4},"end":{"line":36,"column":6}}},"fnMap":{"0":{"name":"(anonymous_0)","decl":{"start":{"line":4,"column":23},"end":{"line":4,"column":24}},"loc":{"start":{"line":4,"column":34},"end":{"line":23,"column":1}},"line":4},"1":{"name":"(anonymous_1)","decl":{"start":{"line":27,"column":31},"end":{"line":27,"column":32}},"loc":{"start":{"line":27,"column":51},"end":{"line":38,"column":1}},"line":27},"2":{"name":"(anonymous_2)","decl":{"start":{"line":28,"column":9},"end":{"line":28,"column":10}},"loc":{"start":{"line":28,"column":20},"end":{"line":37,"column":3}},"line":28}},"branchMap":{},"s":{"0":2,"1":66,"2":66,"3":66,"4":2,"5":7,"6":65},"f":{"0":66,"1":7,"2":65},"b":{},"_coverageSchema":"1a1c01bbd47fc00a2c39e90264f33305004495a9","hash":"58e60fad1cb143b7eda3d2e0250aeb190b550df9"}
,"C:\\Users\\devel\\OneDrive\\Desktop\\hungry-hub\\src\\components\\RestaurantMenu.js": {"path":"C:\\Users\\devel\\OneDrive\\Desktop\\hungry-hub\\src\\components\\RestaurantMenu.js","statementMap":{"0":{"start":{"line":7,"column":23},"end":{"line":48,"column":1}},"1":{"start":{"line":8,"column":20},"end":{"line":8,"column":31}},"2":{"start":{"line":9,"column":18},"end":{"line":9,"column":42}},"3":{"start":{"line":11,"column":36},"end":{"line":11,"column":50}},"4":{"start":{"line":13,"column":2},"end":{"line":15,"column":3}},"5":{"start":{"line":14,"column":4},"end":{"line":14,"column":23}},"6":{"start":{"line":18,"column":4},"end":{"line":18,"column":39}},"7":{"start":{"line":20,"column":4},"end":{"line":20,"column":79}},"8":{"start":{"line":24,"column":4},"end":{"line":28,"column":5}},"9":{"start":{"line":26,"column":8},"end":{"line":27,"column":70}},"10":{"start":{"line":31,"column":2},"end":{"line":47,"column":4}},"11":{"start":{"line":39,"column":8},"end":{"line":44,"column":10}},"12":{"start":{"line":43,"column":31},"end":{"line":43,"column":50}}},"fnMap":{"0":{"name":"(anonymous_0)","decl":{"start":{"line":7,"column":23},"end":{"line":7,"column":24}},"loc":{"start":{"line":7,"column":29},"end":{"line":48,"column":1}},"line":7},"1":{"name":"(anonymous_1)","decl":{"start":{"line":25,"column":6},"end":{"line":25,"column":7}},"loc":{"start":{"line":26,"column":8},"end":{"line":27,"column":70}},"line":26},"2":{"name":"(anonymous_2)","decl":{"start":{"line":38,"column":22},"end":{"line":38,"column":23}},"loc":{"start":{"line":39,"column":8},"end":{"line":44,"column":10}},"line":39},"3":{"name":"(anonymous_3)","decl":{"start":{"line":43,"column":25},"end":{"line":43,"column":26}},"loc":{"start":{"line":43,"column":31},"end":{"line":43,"column":50}},"line":43}},"branchMap":{"0":{"loc":{"start":{"line":13,"column":2},"end":{"line":15,"column":3}},"type":"if","locations":[{"start":{"line":13,"column":2},"end":{"line":15,"column":3}},{"start":{},"end":{}}],"line":13},"1":{"loc":{"start":{"line":42,"column":21},"end":{"line":42,"column":49}},"type":"binary-expr","locations":[{"start":{"line":42,"column":21},"end":{"line":42,"column":40}},{"start":{"line":42,"column":45},"end":{"line":42,"column":49}}],"line":42}},"s":{"0":1,"1":3,"2":3,"3":3,"4":3,"5":1,"6":2,"7":2,"8":2,"9":40,"10":2,"11":32,"12":1},"f":{"0":3,"1":40,"2":32,"3":1},"b":{"0":[1,2],"1":[32,1]},"_coverageSchema":"1a1c01bbd47fc00a2c39e90264f33305004495a9","hash":"dce1705e05f5fdb27ce4f51eefd8387c5f6f88c7"}
,"C:\\Users\\devel\\OneDrive\\Desktop\\hungry-hub\\src\\utils\\appStore.js": {"path":"C:\\Users\\devel\\OneDrive\\Desktop\\hungry-hub\\src\\utils\\appStore.js","statementMap":{"0":{"start":{"line":4,"column":17},"end":{"line":8,"column":2}}},"fnMap":{},"branchMap":{},"s":{"0":1},"f":{},"b":{},"_coverageSchema":"1a1c01bbd47fc00a2c39e90264f33305004495a9","hash":"8a5b8be30971d5c8bb8c611c0a097b19c6f869f0"}
}
