{"C:\\Users\\devel\\OneDrive\\Desktop\\hungry-hub\\src\\components\\Contact.js": {"path":"C:\\Users\\devel\\OneDrive\\Desktop\\hungry-hub\\src\\components\\Contact.js","statementMap":{"0":{"start":{"line":3,"column":16},"end":{"line":24,"column":1}},"1":{"start":{"line":4,"column":2},"end":{"line":23,"column":4}}},"fnMap":{"0":{"name":"(anonymous_0)","decl":{"start":{"line":3,"column":16},"end":{"line":3,"column":17}},"loc":{"start":{"line":3,"column":22},"end":{"line":24,"column":1}},"line":3}},"branchMap":{},"s":{"0":1,"1":3},"f":{"0":3},"b":{},"_coverageSchema":"1a1c01bbd47fc00a2c39e90264f33305004495a9","hash":"6a9ccaa9c2feee5275e4995ad7cbc35dab511326"}
,"C:\\Users\\devel\\OneDrive\\Desktop\\hungry-hub\\src\\components\\Header.js": {"path":"C:\\Users\\devel\\OneDrive\\Desktop\\hungry-hub\\src\\components\\Header.js","statementMap":{"0":{"start":{"line":8,"column":15},"end":{"line":51,"column":1}},"1":{"start":{"line":9,"column":32},"end":{"line":9,"column":49}},"2":{"start":{"line":11,"column":27},"end":{"line":11,"column":50}},"3":{"start":{"line":15,"column":20},"end":{"line":15,"column":60}},"4":{"start":{"line":15,"column":43},"end":{"line":15,"column":59}},"5":{"start":{"line":18,"column":2},"end":{"line":50,"column":4}},"6":{"start":{"line":41,"column":14},"end":{"line":41,"column":79}}},"fnMap":{"0":{"name":"(anonymous_0)","decl":{"start":{"line":8,"column":15},"end":{"line":8,"column":16}},"loc":{"start":{"line":8,"column":21},"end":{"line":51,"column":1}},"line":8},"1":{"name":"(anonymous_1)","decl":{"start":{"line":15,"column":32},"end":{"line":15,"column":33}},"loc":{"start":{"line":15,"column":43},"end":{"line":15,"column":59}},"line":15},"2":{"name":"(anonymous_2)","decl":{"start":{"line":40,"column":21},"end":{"line":40,"column":22}},"loc":{"start":{"line":40,"column":27},"end":{"line":42,"column":13}},"line":40}},"branchMap":{"0":{"loc":{"start":{"line":41,"column":14},"end":{"line":41,"column":78}},"type":"cond-expr","locations":[{"start":{"line":41,"column":36},"end":{"line":41,"column":56}},{"start":{"line":41,"column":59},"end":{"line":41,"column":78}}],"line":41}},"s":{"0":1,"1":5,"2":5,"3":5,"4":9,"5":5,"6":1},"f":{"0":5,"1":9,"2":1},"b":{"0":[1,0]},"_coverageSchema":"1a1c01bbd47fc00a2c39e90264f33305004495a9","hash":"04d1135d2a4094c6b029fc650c2d9dd04794c694"}
,"C:\\Users\\devel\\OneDrive\\Desktop\\hungry-hub\\src\\components\\RestaurantCard.js": {"path":"C:\\Users\\devel\\OneDrive\\Desktop\\hungry-hub\\src\\components\\RestaurantCard.js","statementMap":{"0":{"start":{"line":4,"column":23},"end":{"line":23,"column":1}},"1":{"start":{"line":5,"column":22},"end":{"line":5,"column":27}},"2":{"start":{"line":6,"column":2},"end":{"line":6,"column":23}},"3":{"start":{"line":7,"column":74},"end":{"line":7,"column":87}},"4":{"start":{"line":9,"column":2},"end":{"line":22,"column":4}},"5":{"start":{"line":27,"column":31},"end":{"line":38,"column":1}},"6":{"start":{"line":28,"column":2},"end":{"line":37,"column":4}},"7":{"start":{"line":29,"column":4},"end":{"line":36,"column":6}}},"fnMap":{"0":{"name":"(anonymous_0)","decl":{"start":{"line":4,"column":23},"end":{"line":4,"column":24}},"loc":{"start":{"line":4,"column":34},"end":{"line":23,"column":1}},"line":4},"1":{"name":"(anonymous_1)","decl":{"start":{"line":27,"column":31},"end":{"line":27,"column":32}},"loc":{"start":{"line":27,"column":51},"end":{"line":38,"column":1}},"line":27},"2":{"name":"(anonymous_2)","decl":{"start":{"line":28,"column":9},"end":{"line":28,"column":10}},"loc":{"start":{"line":28,"column":20},"end":{"line":37,"column":3}},"line":28}},"branchMap":{},"s":{"0":1,"1":1,"2":1,"3":1,"4":1,"5":1,"6":0,"7":0},"f":{"0":1,"1":0,"2":0},"b":{},"_coverageSchema":"1a1c01bbd47fc00a2c39e90264f33305004495a9","hash":"f43dc4a22f846db6de3f7315e383f8a742f0550a"}
,"C:\\Users\\devel\\OneDrive\\Desktop\\hungry-hub\\src\\components\\Sum.js": {"path":"C:\\Users\\devel\\OneDrive\\Desktop\\hungry-hub\\src\\components\\Sum.js","statementMap":{"0":{"start":{"line":1,"column":19},"end":{"line":3,"column":1}},"1":{"start":{"line":2,"column":4},"end":{"line":2,"column":15}}},"fnMap":{"0":{"name":"(anonymous_0)","decl":{"start":{"line":1,"column":19},"end":{"line":1,"column":20}},"loc":{"start":{"line":1,"column":29},"end":{"line":3,"column":1}},"line":1}},"branchMap":{},"s":{"0":1,"1":1},"f":{"0":1},"b":{},"_coverageSchema":"1a1c01bbd47fc00a2c39e90264f33305004495a9","hash":"ab41f192d12b2735f77a091b0c84a53359d4f88a"}
,"C:\\Users\\devel\\OneDrive\\Desktop\\hungry-hub\\src\\utils\\UserContext.js": {"path":"C:\\Users\\devel\\OneDrive\\Desktop\\hungry-hub\\src\\utils\\UserContext.js","statementMap":{"0":{"start":{"line":3,"column":20},"end":{"line":5,"column":2}}},"fnMap":{},"branchMap":{},"s":{"0":1},"f":{},"b":{},"_coverageSchema":"1a1c01bbd47fc00a2c39e90264f33305004495a9","hash":"d70455e576c289674a62505fb8bc895f2f255999"}
,"C:\\Users\\devel\\OneDrive\\Desktop\\hungry-hub\\src\\utils\\appStore.js": {"path":"C:\\Users\\devel\\OneDrive\\Desktop\\hungry-hub\\src\\utils\\appStore.js","statementMap":{"0":{"start":{"line":4,"column":17},"end":{"line":8,"column":2}}},"fnMap":{},"branchMap":{},"s":{"0":1},"f":{},"b":{},"_coverageSchema":"1a1c01bbd47fc00a2c39e90264f33305004495a9","hash":"8a5b8be30971d5c8bb8c611c0a097b19c6f869f0"}
,"C:\\Users\\devel\\OneDrive\\Desktop\\hungry-hub\\src\\utils\\cartSlice.js": {"path":"C:\\Users\\devel\\OneDrive\\Desktop\\hungry-hub\\src\\utils\\cartSlice.js","statementMap":{"0":{"start":{"line":4,"column":18},"end":{"line":21,"column":2}},"1":{"start":{"line":12,"column":12},"end":{"line":12,"column":45}},"2":{"start":{"line":15,"column":12},"end":{"line":15,"column":30}},"3":{"start":{"line":18,"column":12},"end":{"line":18,"column":35}},"4":{"start":{"line":23,"column":48},"end":{"line":23,"column":65}}},"fnMap":{"0":{"name":"(anonymous_0)","decl":{"start":{"line":11,"column":17},"end":{"line":11,"column":18}},"loc":{"start":{"line":11,"column":36},"end":{"line":13,"column":9}},"line":11},"1":{"name":"(anonymous_1)","decl":{"start":{"line":14,"column":20},"end":{"line":14,"column":21}},"loc":{"start":{"line":14,"column":31},"end":{"line":16,"column":9}},"line":14},"2":{"name":"(anonymous_2)","decl":{"start":{"line":17,"column":19},"end":{"line":17,"column":20}},"loc":{"start":{"line":17,"column":30},"end":{"line":19,"column":9}},"line":17}},"branchMap":{},"s":{"0":1,"1":0,"2":0,"3":0,"4":1},"f":{"0":0,"1":0,"2":0},"b":{},"_coverageSchema":"1a1c01bbd47fc00a2c39e90264f33305004495a9","hash":"35384189f70e8260df1874b9f55dd64bfb783009"}
,"C:\\Users\\devel\\OneDrive\\Desktop\\hungry-hub\\src\\utils\\constant.js": {"path":"C:\\Users\\devel\\OneDrive\\Desktop\\hungry-hub\\src\\utils\\constant.js","statementMap":{"0":{"start":{"line":1,"column":23},"end":{"line":1,"column":106}},"1":{"start":{"line":3,"column":24},"end":{"line":3,"column":150}},"2":{"start":{"line":5,"column":29},"end":{"line":5,"column":152}}},"fnMap":{},"branchMap":{},"s":{"0":2,"1":2,"2":2},"f":{},"b":{},"_coverageSchema":"1a1c01bbd47fc00a2c39e90264f33305004495a9","hash":"663dac21573fc81763479efef1208a270c5915c4"}
}
