TN:
SF:src\components\Body.js
FN:9,(anonymous_0)
FN:16,(anonymous_1)
FN:20,(anonymous_2)
FN:58,(anonymous_3)
FN:64,(anonymous_4)
FN:70,(anonymous_5)
FN:83,(anonymous_6)
FN:85,(anonymous_7)
FN:95,(anonymous_8)
FNF:9
FNH:9
FNDA:7,(anonymous_0)
FNDA:2,(anonymous_1)
FNDA:2,(anonymous_2)
FNDA:1,(anonymous_3)
FNDA:1,(anonymous_4)
FNDA:20,(anonymous_5)
FNDA:1,(anonymous_6)
FNDA:20,(anonymous_7)
FNDA:65,(anonymous_8)
DA:9,1
DA:10,7
DA:11,7
DA:12,7
DA:14,7
DA:16,7
DA:17,2
DA:20,7
DA:21,2
DA:25,2
DA:26,2
DA:29,2
DA:35,7
DA:37,7
DA:38,0
DA:45,7
DA:46,2
DA:49,5
DA:59,1
DA:67,1
DA:68,1
DA:70,1
DA:71,20
DA:74,1
DA:84,1
DA:85,20
DA:87,1
DA:96,65
LF:28
LH:27
BRDA:37,0,0,0
BRDA:37,0,1,7
BRDA:45,1,0,2
BRDA:45,1,1,5
BRDA:100,2,0,65
BRDA:100,2,1,0
BRF:6
BRH:4
end_of_record
TN:
SF:src\components\Cart.js
FN:7,(anonymous_0)
FN:8,(anonymous_1)
FN:12,(anonymous_2)
FNF:3
FNH:3
FNDA:4,(anonymous_0)
FNDA:8,(anonymous_1)
FNDA:1,(anonymous_2)
DA:7,1
DA:8,8
DA:9,4
DA:10,4
DA:12,4
DA:13,1
DA:16,4
LF:7
LH:7
BRDA:26,0,0,4
BRDA:26,0,1,2
BRF:2
BRH:2
end_of_record
TN:
SF:src\components\Header.js
FN:8,(anonymous_0)
FN:15,(anonymous_1)
FN:40,(anonymous_2)
FNF:3
FNH:2
FNDA:4,(anonymous_0)
FNDA:8,(anonymous_1)
FNDA:0,(anonymous_2)
DA:8,1
DA:9,4
DA:11,4
DA:15,8
DA:18,4
DA:41,0
LF:6
LH:5
BRDA:41,0,0,0
BRDA:41,0,1,0
BRF:2
BRH:0
end_of_record
TN:
SF:src\components\ItemList.js
FN:5,(anonymous_0)
FN:8,(anonymous_1)
FN:15,(anonymous_2)
FN:37,(anonymous_3)
FNF:4
FNH:4
FNDA:5,(anonymous_0)
FNDA:2,(anonymous_1)
FNDA:16,(anonymous_2)
FNDA:2,(anonymous_3)
DA:5,1
DA:6,5
DA:8,5
DA:10,2
DA:13,5
DA:16,16
DA:37,2
LF:7
LH:7
BRDA:26,0,0,16
BRDA:26,0,1,0
BRF:2
BRH:1
end_of_record
TN:
SF:src\components\RestaurantCard.js
FN:4,(anonymous_0)
FN:27,(anonymous_1)
FN:28,(anonymous_2)
FNF:3
FNH:3
FNDA:66,(anonymous_0)
FNDA:7,(anonymous_1)
FNDA:65,(anonymous_2)
DA:4,2
DA:5,66
DA:7,66
DA:9,66
DA:27,2
DA:28,7
DA:29,65
LF:7
LH:7
BRF:0
BRH:0
end_of_record
TN:
SF:src\components\RestaurantMenu.js
FN:7,(anonymous_0)
FN:25,(anonymous_1)
FN:38,(anonymous_2)
FN:43,(anonymous_3)
FNF:4
FNH:4
FNDA:3,(anonymous_0)
FNDA:40,(anonymous_1)
FNDA:32,(anonymous_2)
FNDA:1,(anonymous_3)
DA:7,1
DA:8,3
DA:9,3
DA:11,3
DA:13,3
DA:14,1
DA:18,2
DA:20,2
DA:24,2
DA:26,40
DA:31,2
DA:39,32
DA:43,1
LF:13
LH:13
BRDA:13,0,0,1
BRDA:13,0,1,2
BRDA:42,1,0,32
BRDA:42,1,1,1
BRF:4
BRH:4
end_of_record
TN:
SF:src\utils\appStore.js
FNF:0
FNH:0
DA:4,1
LF:1
LH:1
BRF:0
BRH:0
end_of_record
